2025-08-14T03:42:15.869153822Z 2025/08/14 03:42:15 [INIT] [Listening on :7070]
2025-08-14T03:42:16.369735974Z 19
2025-08-14T03:42:16.425171127Z Waiting X server...
2025-08-14T03:42:16.690793576Z Logging to: /dev/null
2025-08-14T03:42:16.722476011Z Waiting X server...
2025-08-14T03:42:16.987631596Z Waiting X server...
2025-08-14T03:42:17.152448800Z Waiting X server...
2025-08-14T03:42:17.267129029Z Waiting X server...
2025-08-14T03:42:17.437151257Z Waiting X server...
2025-08-14T03:42:17.590229573Z Waiting X server...
2025-08-14T03:42:17.796189419Z Starting ChromeDriver 128.0.6613.18 (7d504c2c60ba3bbdebff568167eb7788205613a9-refs/branch-heads/6613@{#364}) on port 4444
2025-08-14T03:42:17.796216247Z All remote connections are allowed. Use an allowlist instead!
2025-08-14T03:42:17.796224051Z Please see https://chromedriver.chromium.org/security-considerations for suggestions on keeping ChromeDriver safe.
2025-08-14T03:42:17.806098513Z ChromeDriver was started successfully on port 4444.
2025-08-14T03:42:17.835587571Z 
2025-08-14T03:42:17.835614569Z  --- x11vnc loop: 1 ---
2025-08-14T03:42:17.835621999Z 
2025-08-14T03:42:18.338697373Z  --- x11vnc loop: waiting for: 125
2025-08-14T03:42:18.338730277Z 
2025-08-14T03:42:18.457568057Z PORT=5900
